0 info it worked if it ends with ok
1 verbose cli [ '/usr/bin/nodejs', '/usr/bin/npm', 'run', 'browser' ]
2 info using npm@3.5.2
3 info using node@v4.2.6
4 verbose run-script [ 'prebrowser', 'browser', 'postbrowser' ]
5 info lifecycle klerde@0.0.0~prebrowser: klerde@0.0.0
6 silly lifecycle klerde@0.0.0~prebrowser: no script for prebrowser, continuing
7 info lifecycle klerde@0.0.0~browser: klerde@0.0.0
8 verbose lifecycle klerde@0.0.0~browser: unsafe-perm in lifecycle true
9 verbose lifecycle klerde@0.0.0~browser: PATH: /usr/share/npm/bin/node-gyp-bin:/home/rwev/Desktop/environments/klerde/node_modules/.bin:/usr/local/sbin:/usr/local/bin:/usr/sbin:/usr/bin:/sbin:/bin:/snap/bin
10 verbose lifecycle klerde@0.0.0~browser: CWD: /home/rwev/Desktop/environments/klerde
11 silly lifecycle klerde@0.0.0~browser: Args: [ '-c',
11 silly lifecycle   'cordova run browser --nobuild & firefox http://localhost:8001:index.html' ]
12 silly lifecycle klerde@0.0.0~browser: Returned: code: 1  signal: null
13 info lifecycle klerde@0.0.0~browser: Failed to exec browser script
14 verbose stack Error: klerde@0.0.0 browser: `cordova run browser --nobuild & firefox http://localhost:8001:index.html`
14 verbose stack Exit status 1
14 verbose stack     at EventEmitter.<anonymous> (/usr/share/npm/lib/utils/lifecycle.js:232:16)
14 verbose stack     at emitTwo (events.js:87:13)
14 verbose stack     at EventEmitter.emit (events.js:172:7)
14 verbose stack     at ChildProcess.<anonymous> (/usr/share/npm/lib/utils/spawn.js:24:14)
14 verbose stack     at emitTwo (events.js:87:13)
14 verbose stack     at ChildProcess.emit (events.js:172:7)
14 verbose stack     at maybeClose (internal/child_process.js:821:16)
14 verbose stack     at Process.ChildProcess._handle.onexit (internal/child_process.js:211:5)
15 verbose pkgid klerde@0.0.0
16 verbose cwd /home/rwev/Desktop/environments/klerde
17 error Linux 4.15.0-45-generic
18 error argv "/usr/bin/nodejs" "/usr/bin/npm" "run" "browser"
19 error node v4.2.6
20 error npm  v3.5.2
21 error code ELIFECYCLE
22 error klerde@0.0.0 browser: `cordova run browser --nobuild & firefox http://localhost:8001:index.html`
22 error Exit status 1
23 error Failed at the klerde@0.0.0 browser script 'cordova run browser --nobuild & firefox http://localhost:8001:index.html'.
23 error Make sure you have the latest version of node.js and npm installed.
23 error If you do, this is most likely a problem with the klerde package,
23 error not with npm itself.
23 error Tell the author that this fails on your system:
23 error     cordova run browser --nobuild & firefox http://localhost:8001:index.html
23 error You can get information on how to open an issue for this project with:
23 error     npm bugs klerde
23 error Or if that isn't available, you can get their info via:
23 error     npm owner ls klerde
23 error There is likely additional logging output above.
24 verbose exit [ 1, true ]
